<?xml version="1.0" encoding="UTF-8"?>
<!-- Generated by org.testng.reporters.JUnitReportReporter -->
<testsuite hostname="LAPTOP-JIILATFC" failures="0" tests="2" name="purchaseP.TestClass" time="5.265" errors="0" timestamp="20 Mar 2022 07:30:33 GMT" skipped="0">
  <testcase classname="purchaseP.TestClass" name="ClickingMenOption" time="0.341"/>
  <testcase classname="purchaseP.TestClass" name="selectingFilters" time="4.924"/>
</testsuite> <!-- purchaseP.TestClass -->
